2026-05-18 15:56:26,227 - INFO - Order Request: {'symbol': 'BTCUSDT', 'side': 'BUY', 'type': 'MARKET', 'quantity': 0.001}
2026-05-18 15:56:27,375 - ERROR - Error: APIError(code=-2015): Invalid API-key, IP, or permissions for action
2026-05-18 16:00:30,913 - INFO - Order Request: {'symbol': 'BTCUSDT', 'side': 'BUY', 'type': 'MARKET', 'quantity': 0.001}
2026-05-18 16:00:31,528 - ERROR - Error: APIError(code=-2015): Invalid API-key, IP, or permissions for action
2026-05-18 16:02:57,745 - INFO - Order Request: {'symbol': 'BTCUSDT', 'side': 'BUY', 'type': 'MARKET', 'quantity': 0.001}
2026-05-18 16:02:58,344 - ERROR - Error: APIError(code=-2015): Invalid API-key, IP, or permissions for action
2026-05-18 16:06:19,759 - INFO - Order Request: {'symbol': 'BTCUSDT', 'side': 'BUY', 'type': 'MARKET', 'quantity': '0.001', 'timestamp': 1779100579759, 'signature': '0708ea18cba35fe5bb2bd8c719fa8abe5f7488b1617e4fabc3b791ee631a0d04'}
2026-05-18 16:06:20,602 - INFO - Response: {"code":-2015,"msg":"Invalid API-key, IP, or permissions for action"}
2026-05-18 16:16:14,953 - INFO - Order Request: {'symbol': 'BTCUSDT', 'side': 'BUY', 'type': 'MARKET', 'quantity': '0.001', 'timestamp': 1779101174953, 'signature': '4ec8cb959e3e98b6005c37bb5236ed0b8135cc5adf1714e0a133c948bee10d55'}
2026-05-18 16:16:15,932 - INFO - Response: {"code":-2019,"msg":"Margin is insufficient."}
2026-05-18 16:17:29,681 - INFO - Order Request: {'symbol': 'BTCUSDT', 'side': 'BUY', 'type': 'MARKET', 'quantity': '0.0001', 'timestamp': 1779101249681, 'signature': 'dc5f9f4ed0768522b809757d7c32b614652b7b9dc6ea0708842714d4164f423d'}
2026-05-18 16:17:30,694 - INFO - Response: {"code":-4164,"msg":"Order's notional must be no smaller than 50 (unless you choose reduce only)."}
2026-05-18 16:17:55,918 - INFO - Order Request: {'symbol': 'BTCUSDT', 'side': 'BUY', 'type': 'MARKET', 'quantity': '0.00001', 'timestamp': 1779101275918, 'signature': '65475419f80b625e9919554a7bee1ed5d60228bf9e9d4d5efa5423a147a97abb'}
2026-05-18 16:17:56,972 - INFO - Response: {"code":-1111,"msg":"Precision is over the maximum defined for this asset."}
2026-05-18 16:19:22,606 - INFO - Order Request: {'symbol': 'BTCUSDT', 'side': 'BUY', 'type': 'MARKET', 'quantity': '0.001', 'timestamp': 1779101362606, 'signature': 'dbdf9ec20e7d39f1b764be30e424ca94a04eb29f9f124b77472745d932189fea'}
2026-05-18 16:19:23,673 - INFO - Response: {"code":-2019,"msg":"Margin is insufficient."}
2026-05-18 16:20:49,748 - INFO - Order Request: {'symbol': 'BTCUSDT', 'side': 'BUY', 'type': 'MARKET', 'quantity': '0.00001', 'timestamp': 1779101449748, 'signature': '8c9d18475423efde4a29dedb012956ca6285ff91ba46b050d50f795ebc8b6c2c'}
2026-05-18 16:20:50,506 - INFO - Response: {"code":-1111,"msg":"Precision is over the maximum defined for this asset."}
2026-05-18 16:22:31,446 - INFO - Order Request: {'symbol': 'BTCUSDT', 'side': 'BUY', 'type': 'MARKET', 'quantity': '0.001', 'timestamp': 1779101551446, 'signature': 'a818126e83dc39c0a881c558b5d5813e9da4c3c4c152b289cbcc0c7743449e45'}
2026-05-18 16:22:32,285 - INFO - Response: {"code":-2019,"msg":"Margin is insufficient."}
2026-05-18 16:25:03,238 - INFO - Order Request: {'symbol': 'BTCUSDT', 'side': 'BUY', 'type': 'MARKET', 'quantity': '0.001', 'timestamp': 1779101703238, 'signature': '9148a234737f572d1b99ef33274df2e42b2c44e819e1c854ab50a6cb06c3738f'}
2026-05-18 16:25:04,170 - INFO - Response: {"orderId":13155900977,"symbol":"BTCUSDT","status":"NEW","clientOrderId":"IhAOeH6yxgM7f2bjK0s4NO","price":"0.00","avgPrice":"0.00","origQty":"0.0010","executedQty":"0.0000","cumQty":"0.0000","cumQuote":"0.000000","timeInForce":"GTC","type":"MARKET","reduceOnly":false,"closePosition":false,"side":"BUY","positionSide":"BOTH","stopPrice":"0.00","workingType":"CONTRACT_PRICE","priceProtect":false,"origType":"MARKET","priceMatch":"NONE","selfTradePreventionMode":"EXPIRE_MAKER","goodTillDate":0,"updateTime":1779101703993}
2026-05-20 10:53:20,251 - INFO - Order Request: {'symbol': 'BTCUSDT', 'side': 'BUY', 'type': 'MARKET', 'quantity': '0.001', 'timestamp': 1779254600251, 'signature': '992201f3469d9c43a8bca8022b175ebfa4250029ad34149eeb9d877115748c14'}
2026-05-20 10:53:22,108 - INFO - Response: {"orderId":13166362168,"symbol":"BTCUSDT","status":"NEW","clientOrderId":"YXV6XhMdKNHbnV8X6MQ0LR","price":"0.00","avgPrice":"0.00","origQty":"0.0010","executedQty":"0.0000","cumQty":"0.0000","cumQuote":"0.000000","timeInForce":"GTC","type":"MARKET","reduceOnly":false,"closePosition":false,"side":"BUY","positionSide":"BOTH","stopPrice":"0.00","workingType":"CONTRACT_PRICE","priceProtect":false,"origType":"MARKET","priceMatch":"NONE","selfTradePreventionMode":"EXPIRE_MAKER","goodTillDate":0,"updateTime":1779254602199}
2026-05-20 11:01:14,843 - INFO - Order Request: {'symbol': 'BTCUSDT', 'side': 'BUY', 'type': 'MARKET', 'quantity': '0.001', 'timestamp': 1779255074843, 'signature': 'e5e59da884284030e634a037a67a354d83d40ed253fe529d50e2c0b4a0a2e6b2'}
2026-05-20 11:01:16,110 - INFO - Response: {"orderId":13166389823,"symbol":"BTCUSDT","status":"NEW","clientOrderId":"ujqZAY14PJOpC1K8873R4G","price":"0.00","avgPrice":"0.00","origQty":"0.0010","executedQty":"0.0000","cumQty":"0.0000","cumQuote":"0.000000","timeInForce":"GTC","type":"MARKET","reduceOnly":false,"closePosition":false,"side":"BUY","positionSide":"BOTH","stopPrice":"0.00","workingType":"CONTRACT_PRICE","priceProtect":false,"origType":"MARKET","priceMatch":"NONE","selfTradePreventionMode":"EXPIRE_MAKER","goodTillDate":0,"updateTime":1779255076215}
